ParserFlags	Ch	Counter	T/R	Time	Flags	CAN ID	Len	Data	
1	0	1	TX	22456457		0x0000079b	8	0x02 21 62 00 00 00 00 00 	
1	0	1	TX	22456476		0x000007bb	8	0x10 76 61 62 08 00 01 5a 	
1	0	2	TX	22456476		0x0000079b	8	0x30 00 00 00 00 00 00 00 	
1	0	2	TX	22456512		0x000007bb	8	0x21 26 35 01 7e 00 5c 00 	
1	0	3	TX	22456524		0x000007bb	8	0x22 09 00 00 00 00 00 00 	
1	0	4	TX	22456557		0x000007bb	8	0x23 00 00 08 87 00 91 00 	
1	0	5	TX	22456572		0x000007bb	8	0x24 19 00 05 00 00 00 00 	
1	0	6	TX	22456588		0x000007bb	8	0x25 00 00 00 00 25 dc 01 	
1	0	7	TX	22456603		0x000007bb	8	0x26 ce 00 5f 00 0e 00 00 	
1	0	8	TX	22456620		0x000007bb	8	0x27 00 00 00 00 00 00 08 	
1	0	9	TX	22456636		0x000007bb	8	0x28 18 00 e6 00 2c 00 0b 	
1	0	10	TX	22456656		0x000007bb	8	0x29 00 01 00 00 00 00 00 	
1	0	11	TX	22456675		0x000007bb	8	0x2a 00 00 1d 00 94 01 48 	
1	0	12	TX	22456703		0x000007bb	8	0x2b 02 30 04 7e 08 40 0a 	
1	0	13	TX	22456719		0x000007bb	8	0x2c f5 0c 38 00 1d 00 7b 	
1	0	14	TX	22456736		0x000007bb	8	0x2d 00 c7 00 e9 01 bf 02 	
1	0	15	TX	22456751		0x000007bb	8	0x2e 3e 02 2c 00 c5 00 00 	
1	0	16	TX	22456770		0x000007bb	8	0x2f 00 00 00 00 00 00 00 	
1	0	17	TX	22456786		0x000007bb	8	0x20 00 00 00 00 15 06 c0 	
1	0	1	TX	22456788		0x00000797	8	0x02 10 c0 00 00 00 00 00 	
1	0	1	TX	22456806		0x0000079a	8	0x02 50 c0 00 00 00 00 00 	
1	0	2	TX	22456807		0x00000797	8	0x04 3b 14 08 00 00 00 00 	
1	0	2	TX	22456842		0x0000079a	8	0x02 7b 14 00 00 00 00 00 	
1	0	3	TX	22456846		0x00000797	8	0x04 3b 15 01 5a 00 00 00 	
1	0	3	TX	22456858		0x0000079a	8	0x02 7b 15 00 00 00 00 00 	
1	0	4	TX	22456858		0x00000797	8	0x02 10 c0 00 00 00 00 00 	
1	0	4	TX	22456873		0x0000079a	8	0x02 50 c0 00 00 00 00 00 	
1	0	5	TX	22456878		0x00000797	8	0x02 21 83 00 00 00 00 00 	
1	0	5	TX	22456893		0x0000079a	8	0x10 1a 61 83 33 4e 41 32 	
1	0	6	TX	22456895		0x00000797	8	0x30 00 00 00 00 00 00 00 	
1	0	6	TX	22456914		0x0000079a	8	0x21 41 00 41 06 04 33 4e 	
1	0	7	TX	22456952		0x0000079a	8	0x22 41 30 42 56 37 37 31 	
1	0	8	TX	22456967		0x0000079a	8	0x23 33 31 00 00 00 80 00 	
1	0	7	TX	22456972		0x00000797	8	0x02 10 81 00 00 00 00 00 	
1	0	9	TX	22456987		0x0000079a	8	0x02 50 81 00 00 00 00 00 	
1	0	8	TX	22456990		0x00000797	8	0x02 10 c0 00 00 00 00 00 	
1	0	10	TX	22457007		0x0000079a	8	0x02 50 c0 00 00 00 00 00 	
1	0	9	TX	22457008		0x00000797	8	0x03 14 ff 00 00 00 00 00 	
1	0	11	TX	22457022		0x0000079a	8	0x03 54 ff 00 00 00 00 00 	
1	0	10	TX	22457833		0x00000797	8	0x03 17 ff 00 00 00 00 00 	
1	0	12	TX	22457836		0x0000079a	8	0x05 57 01 31 02 c0 00 00 	
1	0	11	TX	22457836		0x00000797	8	0x02 10 c0 00 00 00 00 00 	
1	0	13	TX	22457851		0x0000079a	8	0x02 50 c0 00 00 00 00 00 	
1	0	12	TX	22457851		0x00000797	8	0x02 21 81 00 00 00 00 00 	
1	0	14	TX	22457867		0x0000079a	8	0x10 15 61 81 4a 4e 31 41 	
1	0	13	TX	22457868		0x00000797	8	0x30 00 00 00 00 00 00 00 	
1	0	15	TX	22457887		0x0000079a	8	0x21 5a 30 43 50 35 42 54 	
1	0	16	TX	22457908		0x0000079a	8	0x22 30 30 31 33 34 35 41 	
1	0	17	TX	22457926		0x0000079a	8	0x23 2e 00 00 00 00 00 00 	
1	0	14	TX	22457926		0x00000797	8	0x02 10 81 00 00 00 00 00 	
1	0	18	TX	22457939		0x0000079a	8	0x02 50 81 00 00 00 00 00 	
1	0	1	TX	22457939		0x00000743	8	0x02 21 01 00 00 00 00 00 	
1	0	1	TX	22457984		0x00000763	8	0x10 82 61 01 00 00 00 00 	
1	0	2	TX	22457987		0x00000743	8	0x30 00 00 00 00 00 00 00 	
1	0	2	TX	22457997		0x00000763	8	0x21 00 00 00 01 5d 22 00 	
1	0	3	TX	22457997		0x00000763	8	0x22 00 00 00 00 00 04 00 	
1	0	4	TX	22457999		0x00000763	8	0x23 00 00 40 00 20 00 70 	
1	0	5	TX	22458001		0x00000763	8	0x24 00 04 00 00 00 00 00 	
1	0	6	TX	22458003		0x00000763	8	0x25 08 00 00 00 00 00 00 	
1	0	7	TX	22458005		0x00000763	8	0x26 80 00 01 90 00 00 00 	
1	0	8	TX	22458010		0x00000763	8	0x27 00 00 00 00 00 00 00 	
1	0	9	TX	22458013		0x00000763	8	0x28 00 00 00 00 00 00 00 	
1	0	10	TX	22458015		0x00000763	8	0x29 00 00 00 ff 00 00 00 	
1	0	11	TX	22458017		0x00000763	8	0x2a 00 00 00 00 00 00 00 	
1	0	12	TX	22458019		0x00000763	8	0x2b 00 00 00 00 00 00 00 	
1	0	13	TX	22458020		0x00000763	8	0x2c 00 1b 0e 30 56 50 28 	
1	0	14	TX	22458021		0x00000763	8	0x2d 00 00 10 80 00 10 00 	
1	0	15	TX	22458025		0x00000763	8	0x2e 16 80 0b 40 10 8c 10 	
1	0	16	TX	22458027		0x00000763	8	0x2f 90 0f 82 e0 00 00 00 	
1	0	17	TX	22458028		0x00000763	8	0x20 00 00 00 00 00 00 00 	
1	0	18	TX	22458029		0x00000763	8	0x21 00 00 00 00 00 00 00 	
1	0	19	TX	22458030		0x00000763	8	0x22 00 00 00 00 00 ff ff 	
1	0	15	TX	22458030		0x00000797	8	0x02 10 c0 00 00 00 00 00 	
1	0	19	TX	22458034		0x0000079a	8	0x02 50 c0 00 00 00 00 00 	
1	0	16	TX	22458034		0x00000797	8	0x02 21 83 00 00 00 00 00 	
1	0	20	TX	22458049		0x0000079a	8	0x10 1a 61 83 33 4e 41 32 	
1	0	17	TX	22458051		0x00000797	8	0x30 00 00 00 00 00 00 00 	
1	0	21	TX	22458067		0x0000079a	8	0x21 41 00 41 06 04 33 4e 	
1	0	22	TX	22458095		0x0000079a	8	0x22 41 30 42 56 37 37 31 	
1	0	23	TX	22458106		0x0000079a	8	0x23 33 31 00 00 00 80 00 	
1	0	18	TX	22458106		0x00000797	8	0x02 10 81 00 00 00 00 00 	
1	0	24	TX	22458118		0x0000079a	8	0x02 50 81 00 00 00 00 00 	
1	0	19	TX	22458123		0x00000797	8	0x02 10 c0 00 00 00 00 00 	
1	0	25	TX	22458134		0x0000079a	8	0x02 50 c0 00 00 00 00 00 	
1	0	20	TX	22458141		0x00000797	8	0x02 21 f0 00 00 00 00 00 	
1	0	26	TX	22458155		0x0000079a	8	0x10 1a 61 f0 31 32 33 34 	
1	0	21	TX	22458155		0x00000797	8	0x30 00 00 00 00 00 00 00 	
1	0	27	TX	22458170		0x0000079a	8	0x21 35 01 41 06 04 56 56 	
1	0	28	TX	22458188		0x0000079a	8	0x22 4d 37 30 34 56 33 31 	
1	0	29	TX	22458228		0x0000079a	8	0x23 00 00 00 00 00 80 00 	
1	0	1	TX	22458237		0x00000784	8	0x02 10 81 00 00 00 00 00 	
1	0	1	TX	22458287		0x0000078c	8	0x02 50 81 ff ff ff ff ff 	
1	0	2	TX	22458298		0x00000784	8	0x02 10 c0 00 00 00 00 00 	
1	0	2	TX	22458325		0x0000078c	8	0x02 50 c0 ff ff ff ff ff 	
1	0	3	TX	22458326		0x00000784	8	0x02 21 83 00 00 00 00 00 	
1	0	3	TX	22458377		0x0000078c	8	0x10 1a 61 83 33 4e 41 30 	
1	0	4	TX	22458379		0x00000784	8	0x30 00 00 00 00 00 00 00 	
1	0	4	TX	22458393		0x0000078c	8	0x21 41 01 30 00 00 30 41 	
1	0	5	TX	22458427		0x0000078c	8	0x22 42 41 42 31 5a 35 41 	
1	0	6	TX	22458461		0x0000078c	8	0x23 30 30 00 00 00 80 ff 	
1	0	5	TX	22458461		0x00000784	8	0x02 21 ff 00 00 00 00 00 	
1	0	7	TX	22458516		0x0000078c	8	0x10 1a 61 ff 00 00 00 00 	
1	0	6	TX	22458520		0x00000784	8	0x30 00 00 00 00 00 00 00 	
1	0	8	TX	22458541		0x0000078c	8	0x21 00 46 30 30 30 30 46 	
1	0	9	TX	22458568		0x0000078c	8	0x22 30 30 30 30 01 11 02 	
1	0	10	TX	22458601		0x0000078c	8	0x23 28 00 00 5c 47 5b ff 	
1	0	7	TX	22458602		0x00000784	8	0x02 10 81 00 00 00 00 00 	
1	0	11	TX	22458658		0x0000078c	8	0x02 50 81 ff ff ff ff ff 	
1	0	1	TX	22458660		0x00000792	8	0x02 10 c0 00 00 00 00 00 	
1	0	1	TX	22458660		0x00000793	8	0x02 50 c0 00 00 00 00 00 	
1	0	2	TX	22458663		0x00000792	8	0x02 21 83 00 00 00 00 00 	
1	0	2	TX	22458697		0x00000793	8	0x10 1a 61 83 33 4e 41 30 	
1	0	3	TX	22458699		0x00000792	8	0x30 00 00 00 00 00 00 00 	
1	0	3	TX	22458700		0x00000793	8	0x21 45 01 42 08 01 00 0c 	
1	0	4	TX	22458704		0x00000793	8	0x22 00 00 01 00 0c 05 28 	
1	0	5	TX	22458706		0x00000793	8	0x23 00 00 00 00 00 80 28 	
1	0	4	TX	22458706		0x00000792	8	0x02 21 ff 00 00 00 00 00 	
1	0	6	TX	22458708		0x00000793	8	0x10 1a 61 ff 00 00 00 00 	
1	0	5	TX	22458708		0x00000792	8	0x30 00 00 00 00 00 00 00 	
1	0	7	TX	22458710		0x00000793	8	0x21 00 52 30 30 30 30 43 	
1	0	8	TX	22458711		0x00000793	8	0x22 4f 4e 33 2b 02 13 07 	
1	0	9	TX	22458713		0x00000793	8	0x23 26 00 00 5c 03 3e 07 	
1	0	6	TX	22458713		0x00000792	8	0x02 10 81 00 00 00 00 00 	
1	0	10	TX	22458715		0x00000793	8	0x02 50 81 00 00 00 00 00 	
1	0	3	TX	22458718		0x0000079b	8	0x02 10 c0 00 00 00 00 00 	
1	0	18	TX	22458729		0x000007bb	8	0x02 50 c0 ff ff ff ff ff 	
1	0	4	TX	22458729		0x0000079b	8	0x02 21 83 00 00 00 00 00 	
1	0	19	TX	22458742		0x000007bb	8	0x10 1a 61 83 33 4e 41 30 	
1	0	5	TX	22458742		0x0000079b	8	0x30 00 00 00 00 00 00 00 	
1	0	20	TX	22458768		0x000007bb	8	0x21 44 50 42 05 17 00 00 	
1	0	21	TX	22458784		0x000007bb	8	0x22 00 00 00 96 45 00 00 	
1	0	22	TX	22458798		0x000007bb	8	0x23 00 00 00 00 00 80 ff 	
1	0	6	TX	22458798		0x0000079b	8	0x02 21 84 00 00 00 00 00 	
1	0	23	TX	22458815		0x000007bb	8	0x10 16 61 84 32 33 30 4a 	
1	0	7	TX	22458815		0x0000079b	8	0x30 00 00 00 00 00 00 00 	
1	0	24	TX	22458827		0x000007bb	8	0x21 54 31 31 30 43 39 30 	
1	0	25	TX	22458843		0x000007bb	8	0x22 30 30 31 37 34 20 20 	
1	0	26	TX	22458857		0x000007bb	8	0x23 20 20 ff ff ff ff ff 	
1	0	8	TX	22458857		0x0000079b	8	0x02 21 ff 00 00 00 00 00 	
1	0	27	TX	22458935		0x000007bb	8	0x10 1a 61 ff 00 00 00 00 	
1	0	9	TX	22458937		0x0000079b	8	0x30 00 00 00 00 00 00 00 	
1	0	28	TX	22458951		0x000007bb	8	0x21 00 52 30 30 30 30 43 	
1	0	29	TX	22458972		0x000007bb	8	0x22 4f 4e 33 2b 02 13 10 	
1	0	30	TX	22458985		0x000007bb	8	0x23 10 00 00 5c 52 b4 ff 	
1	0	10	TX	22458986		0x0000079b	8	0x02 10 81 00 00 00 00 00 	
1	0	31	TX	22459007		0x000007bb	8	0x02 50 81 ff ff ff ff ff 	
1	0	1	TX	22459007		0x0000070e	8	0x02 10 c0 00 00 00 00 00 	
1	0	1	TX	22459091		0x0000070f	8	0x02 50 c0 ff ff ff ff ff 	
1	0	2	TX	22459103		0x0000070e	8	0x02 21 83 00 00 00 00 00 	
1	0	2	TX	22459139		0x0000070f	8	0x10 1a 61 83 33 4e 41 30 	
1	0	3	TX	22459139		0x0000070e	8	0x30 00 00 00 00 00 00 00 	
1	0	3	TX	22459168		0x0000070f	8	0x21 41 00 41 06 04 01 00 	
1	0	4	TX	22459206		0x0000070f	8	0x22 03 00 02 16 77 66 76 	
1	0	5	TX	22459233		0x0000070f	8	0x23 00 00 00 00 00 80 ff 	
1	0	4	TX	22459234		0x0000070e	8	0x02 21 ff 00 00 00 00 00 	
1	0	6	TX	22459286		0x0000070f	8	0x10 1a 61 ff 00 00 00 00 	
1	0	5	TX	22459286		0x0000070e	8	0x30 00 00 00 00 00 00 00 	
1	0	7	TX	22459345		0x0000070f	8	0x21 00 f0 00 00 00 00 f0 	
1	0	8	TX	22459376		0x0000070f	8	0x22 00 00 00 00 00 10 08 	
1	0	9	TX	22459409		0x0000070f	8	0x23 24 15 00 5c 57 b8 ff 	
1	0	6	TX	22459409		0x0000070e	8	0x02 10 81 00 00 00 00 00 	
1	0	10	TX	22459484		0x0000070f	8	0x02 50 81 ff ff ff ff ff 	
1	0	22	TX	22459484		0x00000797	8	0x02 10 c0 00 00 00 00 00 	
1	0	30	TX	22459491		0x0000079a	8	0x02 50 c0 00 00 00 00 00 	
1	0	23	TX	22459494		0x00000797	8	0x10 09 31 06 00 93 9a d3 	
1	0	31	TX	22459495		0x0000079a	8	0x30 01 05 00 00 00 00 00 	
1	0	24	TX	22459496		0x00000797	8	0x21 f9 7e 93 00 00 00 00 	
1	0	32	TX	22459508		0x0000079a	8	0x03 71 06 01 00 00 00 00 	
1	0	25	TX	22459509		0x00000797	8	0x03 31 06 01 00 00 00 00 	
1	0	33	TX	22459523		0x0000079a	8	0x03 71 06 02 00 00 00 00 	
1	0	26	TX	22459523		0x00000797	8	0x02 10 81 00 00 00 00 00 	
1	0	34	TX	22459540		0x0000079a	8	0x02 50 81 00 00 00 00 00 	
1	0	27	TX	22459540		0x00000797	8	0x02 10 c0 00 00 00 00 00 	
1	0	35	TX	22459556		0x0000079a	8	0x02 50 c0 00 00 00 00 00 	
1	0	28	TX	22459556		0x00000797	8	0x03 14 ff 00 00 00 00 00 	
1	0	36	TX	22459573		0x0000079a	8	0x03 54 ff 00 00 00 00 00 	
1	0	29	TX	22460377		0x00000797	8	0x03 17 ff 00 00 00 00 00 	
1	0	37	TX	22460382		0x0000079a	8	0x02 57 00 00 00 00 00 00 	
1	0	1	TX	22463174		0x0000071d	8	0x02 10 c0 ff ff ff ff ff 	
1	0	1	TX	22463234		0x0000072d	8	0x02 50 c0 ff ff ff ff ff 	
1	0	2	TX	22463268		0x0000071d	8	0x02 3b 00 ff ff ff ff ff 	
1	0	2	TX	22463296		0x0000072d	8	0x06 7b 00 40 01 40 03 ff 	
1	0	3	TX	22463303		0x0000071d	8	0x02 3b 20 ff ff ff ff ff 	
1	0	3	TX	22463323		0x0000072d	8	0x06 7b 20 00 00 02 81 ff 	
1	0	4	TX	22463329		0x0000071d	8	0x02 3b 40 ff ff ff ff ff 	
1	0	4	TX	22463347		0x0000072d	8	0x06 7b 40 02 00 00 00 ff 	
1	0	5	TX	22463354		0x0000071d	8	0x02 10 81 ff ff ff ff ff 	
1	0	5	TX	22463373		0x0000072d	8	0x02 50 81 ff ff ff ff ff 	
1	0	1	TX	22463384		0x0000071e	8	0x02 10 c0 ff ff ff ff ff 	
1	0	1	TX	22463424		0x0000072e	8	0x02 50 c0 ff ff ff ff ff 	
1	0	2	TX	22463442		0x0000071e	8	0x02 3b 00 ff ff ff ff ff 	
1	0	2	TX	22463463		0x0000072e	8	0x06 7b 00 40 01 40 03 ff 	
1	0	3	TX	22463468		0x0000071e	8	0x02 3b 20 ff ff ff ff ff 	
1	0	3	TX	22463497		0x0000072e	8	0x06 7b 20 00 00 02 81 ff 	
1	0	4	TX	22463504		0x0000071e	8	0x02 3b 40 ff ff ff ff ff 	
1	0	4	TX	22463542		0x0000072e	8	0x06 7b 40 02 00 00 00 ff 	
1	0	5	TX	22463548		0x0000071e	8	0x02 10 81 ff ff ff ff ff 	
1	0	5	TX	22463575		0x0000072e	8	0x02 50 81 ff ff ff ff ff 	
1	0	6	TX	22463581		0x0000071d	8	0x02 10 c0 ff ff ff ff ff 	
1	0	6	TX	22463604		0x0000072d	8	0x02 50 c0 ff ff ff ff ff 	
1	0	7	TX	22463609		0x0000071d	8	0x02 21 07 ff ff ff ff ff 	
1	0	7	TX	22463636		0x0000072d	8	0x06 61 07 04 00 00 00 ff 	
1	0	8	TX	22463642		0x0000071d	8	0x02 10 81 ff ff ff ff ff 	
1	0	8	TX	22463697		0x0000072d	8	0x02 50 81 ff ff ff ff ff 	
1	0	6	TX	22463702		0x0000071e	8	0x02 10 c0 ff ff ff ff ff 	
1	0	6	TX	22463724		0x0000072e	8	0x02 50 c0 ff ff ff ff ff 	
1	0	7	TX	22463729		0x0000071e	8	0x02 21 01 ff ff ff ff ff 	
1	0	7	TX	22463752		0x0000072e	8	0x10 37 61 01 88 00 00 00 	
1	0	8	TX	22463758		0x0000071e	8	0x30 00 0a ff ff ff ff ff 	
1	0	8	TX	22463783		0x0000072e	8	0x21 00 00 00 00 00 20 00 	
1	0	9	TX	22463828		0x0000072e	8	0x22 00 00 00 00 00 00 00 	
1	0	10	TX	22463855		0x0000072e	8	0x23 00 00 00 00 00 00 00 	
1	0	11	TX	22463886		0x0000072e	8	0x24 00 00 00 00 00 00 00 	
1	0	12	TX	22463919		0x0000072e	8	0x25 00 00 00 00 00 00 00 	
1	0	13	TX	22463990		0x0000072e	8	0x26 00 00 00 00 00 00 00 	
1	0	14	TX	22464016		0x0000072e	8	0x27 00 00 00 00 00 00 00 	
1	0	9	TX	22464023		0x0000071e	8	0x02 10 81 ff ff ff ff ff 	
1	0	15	TX	22464046		0x0000072e	8	0x02 50 81 ff ff ff ff ff 	
