ParserFlags	Ch	Counter	T/R	Time	Flags	CAN ID	Len	Data	
1	0	189	TX	2299946		0x0000079b	8	0x02 21 62 00 00 00 00 00 	
1	0	190	TX	2299965		0x0000079b	8	0x30 00 00 00 00 00 00 00 	
1	0	191	TX	2300328		0x00000797	8	0x02 10 c0 00 00 00 00 00 	
1	0	192	TX	2300347		0x00000797	8	0x04 3b 14 08 00 00 00 00 	
1	0	193	TX	2300398		0x00000797	8	0x04 3b 15 01 5a 00 00 00 	
1	0	194	TX	2300410		0x00000797	8	0x02 10 c0 00 00 00 00 00 	
1	0	195	TX	2300431		0x00000797	8	0x02 21 83 00 00 00 00 00 	
1	0	196	TX	2300450		0x00000797	8	0x30 00 00 00 00 00 00 00 	
1	0	197	TX	2300536		0x00000797	8	0x02 10 81 00 00 00 00 00 	
1	0	198	TX	2300556		0x00000797	8	0x02 10 c0 00 00 00 00 00 	
1	0	199	TX	2300574		0x00000797	8	0x03 14 ff 00 00 00 00 00 	
1	0	200	TX	2301405		0x00000797	8	0x03 17 ff 00 00 00 00 00 	
1	0	201	TX	2301408		0x00000797	8	0x02 10 c0 00 00 00 00 00 	
1	0	202	TX	2301423		0x00000797	8	0x02 21 81 00 00 00 00 00 	
1	0	203	TX	2301440		0x00000797	8	0x30 00 00 00 00 00 00 00 	
1	0	204	TX	2301516		0x00000797	8	0x02 10 81 00 00 00 00 00 	
1	0	205	TX	2301529		0x00000743	8	0x02 21 01 00 00 00 00 00 	
1	0	206	TX	2301578		0x00000743	8	0x30 00 00 00 00 00 00 00 	
1	0	207	TX	2301624		0x00000797	8	0x02 10 c0 00 00 00 00 00 	
1	0	208	TX	2301636		0x00000797	8	0x02 21 83 00 00 00 00 00 	
1	0	209	TX	2301654		0x00000797	8	0x30 00 00 00 00 00 00 00 	
1	0	210	TX	2301713		0x00000797	8	0x02 10 81 00 00 00 00 00 	
1	0	211	TX	2301730		0x00000797	8	0x02 10 c0 00 00 00 00 00 	
1	0	212	TX	2301761		0x00000797	8	0x02 21 f0 00 00 00 00 00 	
1	0	213	TX	2301775		0x00000797	8	0x30 00 00 00 00 00 00 00 	
1	0	214	TX	2301852		0x00000784	8	0x02 10 81 00 00 00 00 00 	
1	0	215	TX	2301926		0x00000784	8	0x02 10 c0 00 00 00 00 00 	
1	0	216	TX	2301960		0x00000784	8	0x02 21 83 00 00 00 00 00 	
1	0	217	TX	2302024		0x00000784	8	0x30 00 00 00 00 00 00 00 	
1	0	218	TX	2302147		0x00000784	8	0x02 21 ff 00 00 00 00 00 	
1	0	219	TX	2302213		0x00000784	8	0x30 00 00 00 00 00 00 00 	
1	0	220	TX	2302319		0x00000784	8	0x02 10 81 00 00 00 00 00 	
1	0	221	TX	2302383		0x00000792	8	0x02 10 c0 00 00 00 00 00 	
1	0	222	TX	2302387		0x00000792	8	0x02 21 83 00 00 00 00 00 	
1	0	223	TX	2302447		0x00000792	8	0x30 00 00 00 00 00 00 00 	
1	0	224	TX	2302454		0x00000792	8	0x02 21 ff 00 00 00 00 00 	
1	0	225	TX	2302456		0x00000792	8	0x30 00 00 00 00 00 00 00 	
1	0	226	TX	2302461		0x00000792	8	0x02 10 81 00 00 00 00 00 	
1	0	227	TX	2302466		0x0000079b	8	0x02 10 c0 00 00 00 00 00 	
1	0	228	TX	2302478		0x0000079b	8	0x02 21 83 00 00 00 00 00 	
1	0	229	TX	2302491		0x0000079b	8	0x30 00 00 00 00 00 00 00 	
1	0	230	TX	2302547		0x0000079b	8	0x02 21 84 00 00 00 00 00 	
1	0	231	TX	2302576		0x0000079b	8	0x30 00 00 00 00 00 00 00 	
1	0	232	TX	2302618		0x0000079b	8	0x02 21 ff 00 00 00 00 00 	
1	0	233	TX	2302704		0x0000079b	8	0x30 00 00 00 00 00 00 00 	
1	0	234	TX	2302770		0x0000079b	8	0x02 10 81 00 00 00 00 00 	
1	0	235	TX	2302802		0x0000070e	8	0x02 10 c0 00 00 00 00 00 	
1	0	236	TX	2302905		0x0000070e	8	0x02 21 83 00 00 00 00 00 	
1	0	237	TX	2302955		0x0000070e	8	0x30 00 00 00 00 00 00 00 	
1	0	238	TX	2303080		0x0000070e	8	0x02 21 ff 00 00 00 00 00 	
1	0	239	TX	2303141		0x0000070e	8	0x30 00 00 00 00 00 00 00 	
1	0	240	TX	2303295		0x0000070e	8	0x02 10 81 00 00 00 00 00 	
1	0	241	TX	2303372		0x00000797	8	0x02 10 c0 00 00 00 00 00 	
1	0	242	TX	2303383		0x00000797	8	0x10 09 31 06 00 93 9a d3 	
1	0	243	TX	2303385		0x00000797	8	0x21 f9 7e 93 00 00 00 00 	
1	0	244	TX	2303399		0x00000797	8	0x03 31 06 01 00 00 00 00 	
1	0	245	TX	2303433		0x00000797	8	0x02 10 81 00 00 00 00 00 	
1	0	246	TX	2303450		0x00000797	8	0x02 10 c0 00 00 00 00 00 	
1	0	247	TX	2303466		0x00000797	8	0x03 14 ff 00 00 00 00 00 	
1	0	248	TX	2304308		0x00000797	8	0x03 17 ff 00 00 00 00 00 	
1	0	249	TX	2307115		0x0000071d	8	0x02 10 c0 ff ff ff ff ff 	
1	0	250	TX	2307231		0x0000071d	8	0x02 3b 00 ff ff ff ff ff 	
1	0	251	TX	2307291		0x0000071d	8	0x02 3b 20 ff ff ff ff ff 	
1	0	252	TX	2307329		0x0000071d	8	0x02 3b 40 ff ff ff ff ff 	
1	0	253	TX	2307369		0x0000071d	8	0x02 10 81 ff ff ff ff ff 	
1	0	254	TX	2307400		0x0000071e	8	0x02 10 c0 ff ff ff ff ff 	
1	0	255	TX	2307503		0x0000071e	8	0x02 3b 00 ff ff ff ff ff 	
1	0	256	TX	2307539		0x0000071e	8	0x02 3b 20 ff ff ff ff ff 	
1	0	257	TX	2307578		0x0000071e	8	0x02 3b 40 ff ff ff ff ff 	
1	0	258	TX	2307644		0x0000071e	8	0x02 10 81 ff ff ff ff ff 	
1	0	259	TX	2307682		0x0000071d	8	0x02 10 c0 ff ff ff ff ff 	
1	0	260	TX	2307718		0x0000071d	8	0x02 21 07 ff ff ff ff ff 	
1	0	261	TX	2307787		0x0000071d	8	0x02 10 81 ff ff ff ff ff 	
1	0	262	TX	2307859		0x0000071e	8	0x02 10 c0 ff ff ff ff ff 	
1	0	263	TX	2307924		0x0000071e	8	0x02 21 01 ff ff ff ff ff 	
1	0	264	TX	2307960		0x0000071e	8	0x30 00 0a ff ff ff ff ff 	
1	0	265	TX	2308293		0x0000071e	8	0x02 10 81 ff ff ff ff ff 	
